<?xml version="1.0" encoding="UTF-8"?>
<testng-results skipped="0" failed="1" ignored="0" total="2" passed="1">
  <reporter-output>
  </reporter-output>
  <suite name="Default suite" duration-ms="41388" started-at="2022-08-24T00:05:31Z" finished-at="2022-08-24T00:06:12Z">
    <groups>
    </groups>
    <test name="Default test" duration-ms="41388" started-at="2022-08-24T00:05:31Z" finished-at="2022-08-24T00:06:12Z">
      <class name="org.failed.ElementHighlight">
        <test-method status="PASS" signature="openBrowser()[pri:0, instance:org.failed.ElementHighlight@3108bc]" name="openBrowser" is-config="true" duration-ms="17909" started-at="2022-08-24T00:05:31Z" finished-at="2022-08-24T00:05:48Z">
          <reporter-output>
          </reporter-output>
        </test-method> <!-- openBrowser -->
        <test-method status="PASS" signature="orangeHrmLogin(java.lang.String, java.lang.String, java.lang.String)[pri:0, instance:org.failed.ElementHighlight@3108bc]" name="orangeHrmLogin" duration-ms="13797" started-at="2022-08-24T00:05:49Z" data-provider="Userdata" finished-at="2022-08-24T00:06:02Z">
          <params>
            <param index="0">
              <value>
                <![CDATA[Admin]]>
              </value>
            </param>
            <param index="1">
              <value>
                <![CDATA[admin123]]>
              </value>
            </param>
            <param index="2">
              <value>
                <![CDATA[success]]>
              </value>
            </param>
          </params>
          <reporter-output>
          </reporter-output>
        </test-method> <!-- orangeHrmLogin -->
        <test-method status="FAIL" signature="orangeHrmLogin(java.lang.String, java.lang.String, java.lang.String)[pri:0, instance:org.failed.ElementHighlight@3108bc]" name="orangeHrmLogin" duration-ms="5670" started-at="2022-08-24T00:06:02Z" data-provider="Userdata" finished-at="2022-08-24T00:06:08Z">
          <params>
            <param index="0">
              <value>
                <![CDATA[admin1]]>
              </value>
            </param>
            <param index="1">
              <value>
                <![CDATA[admin123]]>
              </value>
            </param>
            <param index="2">
              <value>
                <![CDATA[unsucess]]>
              </value>
            </param>
          </params>
          <exception class="java.lang.AssertionError">
            <message>
              <![CDATA[expected [Invalid credentials] but found [invallid]]]>
            </message>
            <full-stacktrace>
              <![CDATA[java.lang.AssertionError: expected [Invalid credentials] but found [invallid]
at org.testng.Assert.fail(Assert.java:96)
at org.testng.Assert.failNotEquals(Assert.java:776)
at org.testng.Assert.assertEqualsImpl(Assert.java:137)
at org.testng.Assert.assertEquals(Assert.java:118)
at org.testng.Assert.assertEquals(Assert.java:453)
at org.testng.Assert.assertEquals(Assert.java:463)
at org.failed.ElementHighlight.orangeHrmLogin(ElementHighlight.java:30)
at sun.reflect.NativeMethodAccessorImpl.invoke0(Native Method)
at sun.reflect.NativeMethodAccessorImpl.invoke(NativeMethodAccessorImpl.java:62)
at sun.reflect.DelegatingMethodAccessorImpl.invoke(DelegatingMethodAccessorImpl.java:43)
at java.lang.reflect.Method.invoke(Method.java:498)
at org.testng.internal.MethodInvocationHelper.invokeMethod(MethodInvocationHelper.java:124)
at org.testng.internal.Invoker.invokeMethod(Invoker.java:583)
at org.testng.internal.Invoker.invokeTestMethod(Invoker.java:719)
at org.testng.internal.Invoker.invokeTestMethods(Invoker.java:989)
at org.testng.internal.TestMethodWorker.invokeTestMethods(TestMethodWorker.java:125)
at org.testng.internal.TestMethodWorker.run(TestMethodWorker.java:109)
at org.testng.TestRunner.privateRun(TestRunner.java:648)
at org.testng.TestRunner.run(TestRunner.java:505)
at org.testng.SuiteRunner.runTest(SuiteRunner.java:455)
at org.testng.SuiteRunner.runSequentially(SuiteRunner.java:450)
at org.testng.SuiteRunner.privateRun(SuiteRunner.java:415)
at org.testng.SuiteRunner.run(SuiteRunner.java:364)
at org.testng.SuiteRunnerWorker.runSuite(SuiteRunnerWorker.java:52)
at org.testng.SuiteRunnerWorker.run(SuiteRunnerWorker.java:84)
at org.testng.TestNG.runSuitesSequentially(TestNG.java:1208)
at org.testng.TestNG.runSuitesLocally(TestNG.java:1137)
at org.testng.TestNG.runSuites(TestNG.java:1049)
at org.testng.TestNG.run(TestNG.java:1017)
at org.testng.remote.AbstractRemoteTestNG.run(AbstractRemoteTestNG.java:132)
at org.testng.remote.RemoteTestNG.initAndRun(RemoteTestNG.java:230)
at org.testng.remote.RemoteTestNG.main(RemoteTestNG.java:76)
]]>
            </full-stacktrace>
          </exception> <!-- java.lang.AssertionError -->
          <reporter-output>
          </reporter-output>
        </test-method> <!-- orangeHrmLogin -->
        <test-method status="PASS" signature="Browser()[pri:0, instance:org.failed.ElementHighlight@3108bc]" name="Browser" is-config="true" duration-ms="3448" started-at="2022-08-24T00:06:08Z" finished-at="2022-08-24T00:06:12Z">
          <reporter-output>
          </reporter-output>
        </test-method> <!-- Browser -->
      </class> <!-- org.failed.ElementHighlight -->
    </test> <!-- Default test -->
  </suite> <!-- Default suite -->
</testng-results>
